<?xml version="1.0" encoding="UTF-8"?>
<testsuite xmlns:xsi="http://www.w3.org/2001/XMLSchema-instance" xsi:noNamespaceSchemaLocation="https://maven.apache.org/surefire/maven-surefire-plugin/xsd/surefire-test-report.xsd" name="Runner.MyRunner" time="13.246" tests="6" errors="0" skipped="0" failures="0">
  <properties>
[...]
</properties>
  <testcase name="Given User has landed on login page of application" classname="Scenario: Search Flights One-Way" time="0"/>
  <testcase name="Then User enters data on input page" classname="Scenario: Search Flights One-Way" time="0"/>
  <testcase name="And user enters Travellers details" classname="Scenario: Search Flights One-Way" time="0"/>
  <testcase name="And clicks continue" classname="Scenario: Search Flights One-Way" time="0"/>
  <testcase name="Then verify page title in verification Page" classname="Scenario: Search Flights One-Way" time="0"/>
  <testcase name="Scenario: Search Flights One-Way" classname="Scenario: Search Flights One-Way" time="0.001"/>
</testsuite>